Using pre-set license
Built from '2022.3/staging' branch; Version is '2022.3.17f1 (4fc78088f837) revision 5228416'; Using compiler version '192829333'; Build Type 'Release'
OS: 'Windows 11  (10.0.22621) 64bit Core' Language: 'en' Physical Memory: 16282 MB
BatchMode: 1, IsHumanControllingUs: 0, StartBugReporterOnCrash: 0, Is64bit: 1, IsPro: 1

COMMAND LINE ARGUMENTS:
C:\Program Files\Unity\Hub\Editor\2022.3.17f1\Editor\Unity.exe
-adb2
-batchMode
-noUpm
-name
AssetImportWorker2
-projectPath
C:/GameDesign/3DExploration/3Dexploration
-logFile
Logs/AssetImportWorker2.log
-srvPort
64888
Successfully changed project path to: C:/GameDesign/3DExploration/3Dexploration
C:/GameDesign/3DExploration/3Dexploration
[UnityMemory] Configuration Parameters - Can be set up in boot.config
    "memorysetup-bucket-allocator-granularity=16"
    "memorysetup-bucket-allocator-bucket-count=8"
    "memorysetup-bucket-allocator-block-size=33554432"
    "memorysetup-bucket-allocator-block-count=8"
    "memorysetup-main-allocator-block-size=16777216"
    "memorysetup-thread-allocator-block-size=16777216"
    "memorysetup-gfx-main-allocator-block-size=16777216"
    "memorysetup-gfx-thread-allocator-block-size=16777216"
    "memorysetup-cache-allocator-block-size=4194304"
    "memorysetup-typetree-allocator-block-size=2097152"
    "memorysetup-profiler-bucket-allocator-granularity=16"
    "memorysetup-profiler-bucket-allocator-bucket-count=8"
    "memorysetup-profiler-bucket-allocator-block-size=33554432"
    "memorysetup-profiler-bucket-allocator-block-count=8"
    "memorysetup-profiler-allocator-block-size=16777216"
    "memorysetup-profiler-editor-allocator-block-size=1048576"
    "memorysetup-temp-allocator-size-main=16777216"
    "memorysetup-job-temp-allocator-block-size=2097152"
    "memorysetup-job-temp-allocator-block-size-background=1048576"
    "memorysetup-job-temp-allocator-reduction-small-platforms=262144"
    "memorysetup-allocator-temp-initial-block-size-main=262144"
    "memorysetup-allocator-temp-initial-block-size-worker=262144"
    "memorysetup-temp-allocator-size-background-worker=32768"
    "memorysetup-temp-allocator-size-job-worker=262144"
    "memorysetup-temp-allocator-size-preload-manager=33554432"
    "memorysetup-temp-allocator-size-nav-mesh-worker=65536"
    "memorysetup-temp-allocator-size-audio-worker=65536"
    "memorysetup-temp-allocator-size-cloud-worker=32768"
    "memorysetup-temp-allocator-size-gi-baking-worker=262144"
    "memorysetup-temp-allocator-size-gfx=262144"
Player connection [31708] Host "[IP] 192.168.1.99 [Port] 0 [Flags] 2 [Guid] 69792109 [EditorId] 69792109 [Version] 1048832 [Id] WindowsEditor(7,BurningGundam) [Debug] 1 [PackageName] WindowsEditor [ProjectName] Editor" joined multi-casting on [225.0.0.222:54997]...

Player connection [31708] Host "[IP] 192.168.1.99 [Port] 0 [Flags] 2 [Guid] 69792109 [EditorId] 69792109 [Version] 1048832 [Id] WindowsEditor(7,BurningGundam) [Debug] 1 [PackageName] WindowsEditor [ProjectName] Editor" joined alternative multi-casting on [225.0.0.222:34997]...

[Physics::Module] Initialized MultithreadedJobDispatcher with 11 workers.
Refreshing native plugins compatible for Editor in 14.50 ms, found 3 plugins.
Preloading 0 native plugins for Editor in 0.00 ms.
Initialize engine version: 2022.3.17f1 (4fc78088f837)
[Subsystems] Discovering subsystems at path C:/Program Files/Unity/Hub/Editor/2022.3.17f1/Editor/Data/Resources/UnitySubsystems
[Subsystems] Discovering subsystems at path C:/GameDesign/3DExploration/3Dexploration/Assets
GfxDevice: creating device client; threaded=0; jobified=0
Direct3D:
    Version:  Direct3D 11.0 [level 11.1]
    Renderer: NVIDIA GeForce RTX 2070 with Max-Q Design (ID=0x1f10)
    Vendor:   NVIDIA
    VRAM:     8019 MB
    Driver:   31.0.15.4665
Initialize mono
Mono path[0] = 'C:/Program Files/Unity/Hub/Editor/2022.3.17f1/Editor/Data/Managed'
Mono path[1] = 'C:/Program Files/Unity/Hub/Editor/2022.3.17f1/Editor/Data/MonoBleedingEdge/lib/mono/unityjit-win32'
Mono config path = 'C:/Program Files/Unity/Hub/Editor/2022.3.17f1/Editor/Data/MonoBleedingEdge/etc'
Using monoOptions --debugger-agent=transport=dt_socket,embedding=1,server=y,suspend=n,address=127.0.0.1:56840
Begin MonoManager ReloadAssembly
Registering precompiled unity dll's ...
Register platform support module: C:/Program Files/Unity/Hub/Editor/2022.3.17f1/Editor/Data/PlaybackEngines/WindowsStandaloneSupport/UnityEditor.WindowsStandalone.Extensions.dll
Registered in 0.009445 seconds.
- Loaded All Assemblies, in  0.588 seconds
Native extension for WindowsStandalone target not found
Mono: successfully reloaded assembly
- Finished resetting the current domain, in  0.297 seconds
Domain Reload Profiling: 883ms
	BeginReloadAssembly (123ms)
		ExecutionOrderSort (0ms)
		DisableScriptedObjects (0ms)
		BackupInstance (0ms)
		ReleaseScriptingObjects (0ms)
		CreateAndSetChildDomain (1ms)
	RebuildCommonClasses (42ms)
	RebuildNativeTypeToScriptingClass (14ms)
	initialDomainReloadingComplete (65ms)
	LoadAllAssembliesAndSetupDomain (341ms)
		LoadAssemblies (120ms)
		RebuildTransferFunctionScriptingTraits (0ms)
		AnalyzeDomain (338ms)
			TypeCache.Refresh (337ms)
				TypeCache.ScanAssembly (318ms)
			ScanForSourceGeneratedMonoScriptInfo (0ms)
			ResolveRequiredComponents (1ms)
	FinalizeReload (298ms)
		ReleaseScriptCaches (0ms)
		RebuildScriptCaches (0ms)
		SetupLoadedEditorAssemblies (230ms)
			LogAssemblyErrors (0ms)
			InitializePlatformSupportModulesInManaged (11ms)
			SetLoadedEditorAssemblies (8ms)
			RefreshPlugins (0ms)
			BeforeProcessingInitializeOnLoad (2ms)
			ProcessInitializeOnLoadAttributes (153ms)
			ProcessInitializeOnLoadMethodAttributes (55ms)
			AfterProcessingInitializeOnLoad (0ms)
			EditorAssembliesLoaded (0ms)
		ExecutionOrderSort2 (0ms)
		AwakeInstancesAfterBackupRestoration (0ms)
========================================================================
Worker process is ready to serve import requests
Begin MonoManager ReloadAssembly
- Loaded All Assemblies, in  0.746 seconds
Refreshing native plugins compatible for Editor in 5.07 ms, found 3 plugins.
Native extension for WindowsStandalone target not found
Package Manager log level set to [2]
[Package Manager] Server::EnsureServerProcessIsRunning -- launch failed, reason: Unity was launched with the -noUpm command-line argument
[Package Manager] UpmClient::Send -- Unable to send message (not connected to UPM process).
[Package Manager] Cannot connect to Unity Package Manager local server
Mono: successfully reloaded assembly
- Finished resetting the current domain, in  0.764 seconds
Domain Reload Profiling: 1505ms
	BeginReloadAssembly (184ms)
		ExecutionOrderSort (0ms)
		DisableScriptedObjects (6ms)
		BackupInstance (0ms)
		ReleaseScriptingObjects (0ms)
		CreateAndSetChildDomain (21ms)
	RebuildCommonClasses (37ms)
	RebuildNativeTypeToScriptingClass (12ms)
	initialDomainReloadingComplete (48ms)
	LoadAllAssembliesAndSetupDomain (460ms)
		LoadAssemblies (369ms)
		RebuildTransferFunctionScriptingTraits (0ms)
		AnalyzeDomain (210ms)
			TypeCache.Refresh (174ms)
				TypeCache.ScanAssembly (158ms)
			ScanForSourceGeneratedMonoScriptInfo (24ms)
			ResolveRequiredComponents (10ms)
	FinalizeReload (764ms)
		ReleaseScriptCaches (0ms)
		RebuildScriptCaches (0ms)
		SetupLoadedEditorAssemblies (580ms)
			LogAssemblyErrors (0ms)
			InitializePlatformSupportModulesInManaged (7ms)
			SetLoadedEditorAssemblies (3ms)
			RefreshPlugins (0ms)
			BeforeProcessingInitializeOnLoad (78ms)
			ProcessInitializeOnLoadAttributes (415ms)
			ProcessInitializeOnLoadMethodAttributes (68ms)
			AfterProcessingInitializeOnLoad (9ms)
			EditorAssembliesLoaded (0ms)
		ExecutionOrderSort2 (0ms)
		AwakeInstancesAfterBackupRestoration (9ms)
Launched and connected shader compiler UnityShaderCompiler.exe after 0.06 seconds
Refreshing native plugins compatible for Editor in 8.71 ms, found 3 plugins.
Preloading 0 native plugins for Editor in 0.00 ms.
Unloading 5322 Unused Serialized files (Serialized files now loaded: 0)
Unloading 80 unused Assets / (0.8 MB). Loaded Objects now: 5773.
Memory consumption went from 218.4 MB to 217.6 MB.
Total: 5.610100 ms (FindLiveObjects: 0.703300 ms CreateObjectMapping: 0.473600 ms MarkObjects: 3.752000 ms  DeleteObjects: 0.679800 ms)

AssetImportParameters requested are different than current active one (requested -> active):
  custom:container-demuxer-ogg: 62fdf1f143b41e24485cea50d1cbac27 -> 
  custom:video-decoder-ogg-theora: a1e56fd34408186e4bbccfd4996cb3dc -> 
  custom:framework-win-MediaFoundation: 216162199b28c13a410421893ffa2e32 -> 
  custom:CustomObjectIndexerAttribute: 62b5816608c3102f162a1797e29626cf -> 
  custom:container-demuxer-webm: 4f35f7cbe854078d1ac9338744f61a02 -> 
  custom:container-muxer-webm: aa71ff27fc2769a1b78a27578f13a17b -> 
  custom:video-decoder-webm-vp8: 9c59270c3fd7afecdb556c50c9e8de78 -> 
  custom:SearchIndexIgnoredProperties: e643bd26f0fe6173181afceb89e7c659 -> 
  custom:AudioImporter_EditorPlatform: d09bf68614088b80899f8185d706f6e7 -> 
  custom:video-encoder-webm-vp8: eb34c28f22e8b96e1ab97ce403110664 -> 
  custom:audio-decoder-ogg-vorbis: bf7c407c2cedff20999df2af8eb42d56 -> 
  custom:audio-encoder-webm-vorbis: bf7c407c2cedff20999df2af8eb42d56 -> 
========================================================================
Received Import Request.
  Time since last request: 851129.452852 seconds.
  path: Assets/SUPER Character Controller/Demo Assets/Textures/Skyboxes/NightSky/Front.png
  artifactKey: Guid(f1c99501943a6f24d95eae2bda362506) Importer(815301076,1909f56bfc062723c751e8b465ee728b)
Start importing Assets/SUPER Character Controller/Demo Assets/Textures/Skyboxes/NightSky/Front.png using Guid(f1c99501943a6f24d95eae2bda362506) Importer(815301076,1909f56bfc062723c751e8b465ee728b)  -> (artifact id: 'b46f53665b21d0c685decbba4328b5df') in 0.118724 seconds
Number of updated asset objects reloaded before import = 0
Number of asset objects unloaded after import = 2
========================================================================
Received Import Request.
  Time since last request: 6.293092 seconds.
  path: Assets/SUPER Character Controller/Demo Assets/Materials/Characters/Character_1.mat
  artifactKey: Guid(120a570b47d57764393c3fe622888112) Importer(815301076,1909f56bfc062723c751e8b465ee728b)
Start importing Assets/SUPER Character Controller/Demo Assets/Materials/Characters/Character_1.mat using Guid(120a570b47d57764393c3fe622888112) Importer(815301076,1909f56bfc062723c751e8b465ee728b)  -> (artifact id: '7c679f1aaea064774bf604bb5b0ea1c6') in 0.322219 seconds
Number of updated asset objects reloaded before import = 0
Number of asset objects unloaded after import = 4
========================================================================
Received Import Request.
  Time since last request: 0.942975 seconds.
  path: Assets/SUPER Character Controller/Demo Assets/Materials/Structural/Bamboo.mat
  artifactKey: Guid(b505aa4da7456754aad5afd73af03ed9) Importer(815301076,1909f56bfc062723c751e8b465ee728b)
Start importing Assets/SUPER Character Controller/Demo Assets/Materials/Structural/Bamboo.mat using Guid(b505aa4da7456754aad5afd73af03ed9) Importer(815301076,1909f56bfc062723c751e8b465ee728b)  -> (artifact id: '565403cdf8c4ca51e6232ed973c6cab9') in 0.094762 seconds
Number of updated asset objects reloaded before import = 0
Number of asset objects unloaded after import = 5
========================================================================
Received Import Request.
  Time since last request: 0.000035 seconds.
  path: Assets/SUPER Character Controller/Demo Assets/Materials/Structural/Slate.mat
  artifactKey: Guid(985ca1f1c0515b24ca425677351d3438) Importer(815301076,1909f56bfc062723c751e8b465ee728b)
Start importing Assets/SUPER Character Controller/Demo Assets/Materials/Structural/Slate.mat using Guid(985ca1f1c0515b24ca425677351d3438) Importer(815301076,1909f56bfc062723c751e8b465ee728b)  -> (artifact id: '8e93753c7afa4b0172594eec08e63d43') in 0.079165 seconds
Number of updated asset objects reloaded before import = 0
Number of asset objects unloaded after import = 4
========================================================================
Received Import Request.
  Time since last request: 0.000042 seconds.
  path: Assets/SUPER Character Controller/Demo Assets/Materials/Structural/Sand.mat
  artifactKey: Guid(1672ef0e80aae2342a8ea28ee63cefac) Importer(815301076,1909f56bfc062723c751e8b465ee728b)
Start importing Assets/SUPER Character Controller/Demo Assets/Materials/Structural/Sand.mat using Guid(1672ef0e80aae2342a8ea28ee63cefac) Importer(815301076,1909f56bfc062723c751e8b465ee728b)  -> (artifact id: '03495e80657354a9d20fb16e2456bb24') in 0.011420 seconds
Number of updated asset objects reloaded before import = 0
Number of asset objects unloaded after import = 3
========================================================================
Received Import Request.
  Time since last request: 0.000023 seconds.
  path: Assets/SUPER Character Controller/Demo Assets/Materials/Structural/Cement_Moulded.mat
  artifactKey: Guid(adc355617c141e748a50d799f7fe8b22) Importer(815301076,1909f56bfc062723c751e8b465ee728b)
Start importing Assets/SUPER Character Controller/Demo Assets/Materials/Structural/Cement_Moulded.mat using Guid(adc355617c141e748a50d799f7fe8b22) Importer(815301076,1909f56bfc062723c751e8b465ee728b)  -> (artifact id: '2fc8142a4026e3e6b55e7feddd9cd507') in 0.015640 seconds
Number of updated asset objects reloaded before import = 0
Number of asset objects unloaded after import = 5
========================================================================
Received Import Request.
  Time since last request: 0.000025 seconds.
  path: Assets/SUPER Character Controller/Demo Assets/Materials/Structural/Carpet.mat
  artifactKey: Guid(df26e0ab7cc85214a93dbd19fe538003) Importer(815301076,1909f56bfc062723c751e8b465ee728b)
Start importing Assets/SUPER Character Controller/Demo Assets/Materials/Structural/Carpet.mat using Guid(df26e0ab7cc85214a93dbd19fe538003) Importer(815301076,1909f56bfc062723c751e8b465ee728b)  -> (artifact id: 'edca092432f3fdb6daddc03177b07ec7') in 0.013890 seconds
Number of updated asset objects reloaded before import = 0
Number of asset objects unloaded after import = 4
========================================================================
Received Import Request.
  Time since last request: 0.000027 seconds.
  path: Assets/SUPER Character Controller/Demo Assets/Materials/Structural/Red Wood.mat
  artifactKey: Guid(a32f87ace6a78a3479485b4d65e317e0) Importer(815301076,1909f56bfc062723c751e8b465ee728b)
Start importing Assets/SUPER Character Controller/Demo Assets/Materials/Structural/Red Wood.mat using Guid(a32f87ace6a78a3479485b4d65e317e0) Importer(815301076,1909f56bfc062723c751e8b465ee728b)  -> (artifact id: '88fceef32793b81cc9a24bfb621218f6') in 0.016426 seconds
Number of updated asset objects reloaded before import = 0
Number of asset objects unloaded after import = 6
========================================================================
Received Import Request.
  Time since last request: 0.000021 seconds.
  path: Assets/SUPER Character Controller/Demo Assets/Materials/Structural/Wood_Cut.mat
  artifactKey: Guid(206a974e7acb88a44bf27b76a19b7cc6) Importer(815301076,1909f56bfc062723c751e8b465ee728b)
Start importing Assets/SUPER Character Controller/Demo Assets/Materials/Structural/Wood_Cut.mat using Guid(206a974e7acb88a44bf27b76a19b7cc6) Importer(815301076,1909f56bfc062723c751e8b465ee728b)  -> (artifact id: '80f7edb1faae11dfb989735e29b58e61') in 0.012058 seconds
Number of updated asset objects reloaded before import = 0
Number of asset objects unloaded after import = 3
========================================================================
Received Import Request.
  Time since last request: 0.000022 seconds.
  path: Assets/SUPER Character Controller/Demo Assets/Materials/Structural/Dirt.mat
  artifactKey: Guid(45e561c50d49a56418430f76d6f72cb6) Importer(815301076,1909f56bfc062723c751e8b465ee728b)
Start importing Assets/SUPER Character Controller/Demo Assets/Materials/Structural/Dirt.mat using Guid(45e561c50d49a56418430f76d6f72cb6) Importer(815301076,1909f56bfc062723c751e8b465ee728b)  -> (artifact id: 'f314ac36fa81be9c1d86d116b5010363') in 0.013711 seconds
Number of updated asset objects reloaded before import = 0
Number of asset objects unloaded after import = 3
========================================================================
Received Import Request.
  Time since last request: 0.000020 seconds.
  path: Assets/SUPER Character Controller/Demo Assets/Materials/Structural/Tile.mat
  artifactKey: Guid(c1f088e7677c57641b1c948cf3e26104) Importer(815301076,1909f56bfc062723c751e8b465ee728b)
Start importing Assets/SUPER Character Controller/Demo Assets/Materials/Structural/Tile.mat using Guid(c1f088e7677c57641b1c948cf3e26104) Importer(815301076,1909f56bfc062723c751e8b465ee728b)  -> (artifact id: '89119578c8ae08ed4df2696edecff355') in 0.014109 seconds
Number of updated asset objects reloaded before import = 0
Number of asset objects unloaded after import = 4
========================================================================
Received Import Request.
  Time since last request: 0.000020 seconds.
  path: Assets/SUPER Character Controller/Demo Assets/Materials/Structural/Grass_Light.mat
  artifactKey: Guid(ccf7dab167fd02f44b9494613844b385) Importer(815301076,1909f56bfc062723c751e8b465ee728b)
Start importing Assets/SUPER Character Controller/Demo Assets/Materials/Structural/Grass_Light.mat using Guid(ccf7dab167fd02f44b9494613844b385) Importer(815301076,1909f56bfc062723c751e8b465ee728b)  -> (artifact id: '0052ea048ea2024630af0caf9f8e3462') in 0.013925 seconds
Number of updated asset objects reloaded before import = 0
Number of asset objects unloaded after import = 3
========================================================================
Received Import Request.
  Time since last request: 0.000024 seconds.
  path: Assets/SUPER Character Controller/Demo Assets/Materials/Structural/Drywall_White.mat
  artifactKey: Guid(b29171c6eb8b09e418976801e8c5b79b) Importer(815301076,1909f56bfc062723c751e8b465ee728b)
Start importing Assets/SUPER Character Controller/Demo Assets/Materials/Structural/Drywall_White.mat using Guid(b29171c6eb8b09e418976801e8c5b79b) Importer(815301076,1909f56bfc062723c751e8b465ee728b)  -> (artifact id: '505768488fe73feb71fcca73b42fdbc4') in 0.013027 seconds
Number of updated asset objects reloaded before import = 0
Number of asset objects unloaded after import = 5
========================================================================
Received Import Request.
  Time since last request: 0.000035 seconds.
  path: Assets/SUPER Character Controller/Demo Assets/Materials/Structural/Glass.mat
  artifactKey: Guid(ab7f8f243f2ca744688498303a5cbaa9) Importer(815301076,1909f56bfc062723c751e8b465ee728b)
Start importing Assets/SUPER Character Controller/Demo Assets/Materials/Structural/Glass.mat using Guid(ab7f8f243f2ca744688498303a5cbaa9) Importer(815301076,1909f56bfc062723c751e8b465ee728b)  -> (artifact id: 'a8d2077e977b482719e15307b4b37dab') in 0.057688 seconds
Number of updated asset objects reloaded before import = 0
Number of asset objects unloaded after import = 4
========================================================================
Received Import Request.
  Time since last request: 22.067502 seconds.
  path: Assets/SUPER Character Controller/Demo Assets/Prefabs
  artifactKey: Guid(314c24bba6624d64b8b7afcc7bef21f1) Importer(815301076,1909f56bfc062723c751e8b465ee728b)
Start importing Assets/SUPER Character Controller/Demo Assets/Prefabs using Guid(314c24bba6624d64b8b7afcc7bef21f1) Importer(815301076,1909f56bfc062723c751e8b465ee728b)  -> (artifact id: '190e8754d86fb7aadac9081642a80099') in 0.000654 seconds
Number of updated asset objects reloaded before import = 0
Number of asset objects unloaded after import = 0
========================================================================
Received Import Request.
  Time since last request: 1.304722 seconds.
  path: Assets/SUPER Character Controller/Demo Assets/Prefabs/OminousOffice
  artifactKey: Guid(e2ded5ce64bdc244ca045a47cc679194) Importer(815301076,1909f56bfc062723c751e8b465ee728b)
Start importing Assets/SUPER Character Controller/Demo Assets/Prefabs/OminousOffice using Guid(e2ded5ce64bdc244ca045a47cc679194) Importer(815301076,1909f56bfc062723c751e8b465ee728b)  -> (artifact id: '13f938d5187da97a50996370a36500ad') in 0.000658 seconds
Number of updated asset objects reloaded before import = 0
Number of asset objects unloaded after import = 0
========================================================================
Received Import Request.
  Time since last request: 2.351461 seconds.
  path: Assets/SUPER Character Controller/Demo Assets/Prefabs/SkySweptFortress
  artifactKey: Guid(af48319096432c34380aed72b00239b0) Importer(815301076,1909f56bfc062723c751e8b465ee728b)
Start importing Assets/SUPER Character Controller/Demo Assets/Prefabs/SkySweptFortress using Guid(af48319096432c34380aed72b00239b0) Importer(815301076,1909f56bfc062723c751e8b465ee728b)  -> (artifact id: 'b76184c224847b122b6444ec4f7a03a5') in 0.000536 seconds
Number of updated asset objects reloaded before import = 0
Number of asset objects unloaded after import = 0
========================================================================
Received Import Request.
  Time since last request: 8.104329 seconds.
  path: Assets/SUPER Character Controller/Demo Assets/Textures
  artifactKey: Guid(19457f55e691af043a88ba18b8cd1649) Importer(815301076,1909f56bfc062723c751e8b465ee728b)
Start importing Assets/SUPER Character Controller/Demo Assets/Textures using Guid(19457f55e691af043a88ba18b8cd1649) Importer(815301076,1909f56bfc062723c751e8b465ee728b)  -> (artifact id: '1ff70d1b4a10bff644898411e719f92d') in 0.000499 seconds
Number of updated asset objects reloaded before import = 0
Number of asset objects unloaded after import = 0
========================================================================
Received Import Request.
  Time since last request: 4.402478 seconds.
  path: Assets/SUPER Character Controller/Demo Assets/Textures/Dirt
  artifactKey: Guid(7c392afb7af6588419d0e153f5ee8448) Importer(815301076,1909f56bfc062723c751e8b465ee728b)
Start importing Assets/SUPER Character Controller/Demo Assets/Textures/Dirt using Guid(7c392afb7af6588419d0e153f5ee8448) Importer(815301076,1909f56bfc062723c751e8b465ee728b)  -> (artifact id: '2ab0adb43e03020d732463d6ffe7c327') in 0.000715 seconds
Number of updated asset objects reloaded before import = 0
Number of asset objects unloaded after import = 0
========================================================================
Received Import Request.
  Time since last request: 0.068100 seconds.
  path: Assets/SUPER Character Controller/Demo Assets/Textures/Dirt/Dirt_1.png
  artifactKey: Guid(2ea692930acb3cd44860afb426cd0290) Importer(815301076,1909f56bfc062723c751e8b465ee728b)
Start importing Assets/SUPER Character Controller/Demo Assets/Textures/Dirt/Dirt_1.png using Guid(2ea692930acb3cd44860afb426cd0290) Importer(815301076,1909f56bfc062723c751e8b465ee728b)  -> (artifact id: '7e97625324f721eba28830a7aaca9f5f') in 0.027193 seconds
Number of updated asset objects reloaded before import = 0
Number of asset objects unloaded after import = 2
========================================================================
Received Import Request.
  Time since last request: 9.641468 seconds.
  path: Assets/SUPER Character Controller/Demo Assets/FBXs
  artifactKey: Guid(c4000c97f6aa59b42b9aa377185eddd1) Importer(815301076,1909f56bfc062723c751e8b465ee728b)
Start importing Assets/SUPER Character Controller/Demo Assets/FBXs using Guid(c4000c97f6aa59b42b9aa377185eddd1) Importer(815301076,1909f56bfc062723c751e8b465ee728b)  -> (artifact id: '91a6ab12888bd01c96a209bacc541732') in 0.000673 seconds
Number of updated asset objects reloaded before import = 0
Number of asset objects unloaded after import = 0
========================================================================
Received Import Request.
  Time since last request: 2.004077 seconds.
  path: Assets/SUPER Character Controller/Demo Assets/FBXs/WorldObjects
  artifactKey: Guid(2cb112a7668e12b4ab9c2b7a0dadb0ba) Importer(815301076,1909f56bfc062723c751e8b465ee728b)
Start importing Assets/SUPER Character Controller/Demo Assets/FBXs/WorldObjects using Guid(2cb112a7668e12b4ab9c2b7a0dadb0ba) Importer(815301076,1909f56bfc062723c751e8b465ee728b)  -> (artifact id: 'd2d97b5821b682010fd4e4f2dcbe4ca8') in 0.000807 seconds
Number of updated asset objects reloaded before import = 0
Number of asset objects unloaded after import = 0
========================================================================
Received Import Request.
  Time since last request: 0.076773 seconds.
  path: Assets/SUPER Character Controller/Demo Assets/FBXs/WorldObjects/WorldObjeccts.Facility.fbx
  artifactKey: Guid(f7c809c20ca40904e924332122247ba2) Importer(815301076,1909f56bfc062723c751e8b465ee728b)
Start importing Assets/SUPER Character Controller/Demo Assets/FBXs/WorldObjects/WorldObjeccts.Facility.fbx using Guid(f7c809c20ca40904e924332122247ba2) Importer(815301076,1909f56bfc062723c751e8b465ee728b)  -> (artifact id: '13a91ae169fd3a04f5330c8a0c25b3da') in 0.367910 seconds
Number of updated asset objects reloaded before import = 0
Number of asset objects unloaded after import = 15
========================================================================
Received Import Request.
  Time since last request: 0.000034 seconds.
  path: Assets/SUPER Character Controller/Demo Assets/FBXs/WorldObjects/WorldObjects.SkySweptFortress.fbx
  artifactKey: Guid(b67527fc57534a040be6156dfdb60e2a) Importer(815301076,1909f56bfc062723c751e8b465ee728b)
Start importing Assets/SUPER Character Controller/Demo Assets/FBXs/WorldObjects/WorldObjects.SkySweptFortress.fbx using Guid(b67527fc57534a040be6156dfdb60e2a) Importer(815301076,1909f56bfc062723c751e8b465ee728b)  -> (artifact id: '603ad81513740694390b5bc896c4a44b') in 0.240664 seconds
Number of updated asset objects reloaded before import = 0
Number of asset objects unloaded after import = 110
========================================================================
Received Import Request.
  Time since last request: 4.982898 seconds.
  path: Assets/SUPER Character Controller/Demo Assets/FBXs/Structures
  artifactKey: Guid(357b383d137e64942961cba63ea141c2) Importer(815301076,1909f56bfc062723c751e8b465ee728b)
Start importing Assets/SUPER Character Controller/Demo Assets/FBXs/Structures using Guid(357b383d137e64942961cba63ea141c2) Importer(815301076,1909f56bfc062723c751e8b465ee728b)  -> (artifact id: '04c388365ab7865b4161f0bb486d62a7') in 0.001170 seconds
Number of updated asset objects reloaded before import = 0
Number of asset objects unloaded after import = 0
========================================================================
Received Import Request.
  Time since last request: 0.058394 seconds.
  path: Assets/SUPER Character Controller/Demo Assets/FBXs/Structures/House.fbx
  artifactKey: Guid(64eb1cf6176166f4cba6f3e9138dc2f3) Importer(815301076,1909f56bfc062723c751e8b465ee728b)
Start importing Assets/SUPER Character Controller/Demo Assets/FBXs/Structures/House.fbx using Guid(64eb1cf6176166f4cba6f3e9138dc2f3) Importer(815301076,1909f56bfc062723c751e8b465ee728b)  -> (artifact id: 'eb3ccfe1cadbf890263a0908f2d7a3e0') in 0.049281 seconds
Number of updated asset objects reloaded before import = 0
Number of asset objects unloaded after import = 23
========================================================================
Received Prepare
Begin MonoManager ReloadAssembly
- Loaded All Assemblies, in  0.645 seconds
Refreshing native plugins compatible for Editor in 5.95 ms, found 3 plugins.
Native extension for WindowsStandalone target not found
[Package Manager] Server::EnsureServerProcessIsRunning -- launch failed, reason: Unity was launched with the -noUpm command-line argument
[Package Manager] UpmClient::Send -- Unable to send message (not connected to UPM process).
[Package Manager] Cannot connect to Unity Package Manager local server
Mono: successfully reloaded assembly
- Finished resetting the current domain, in  1.912 seconds
Domain Reload Profiling: 2550ms
	BeginReloadAssembly (246ms)
		ExecutionOrderSort (0ms)
		DisableScriptedObjects (12ms)
		BackupInstance (0ms)
		ReleaseScriptingObjects (0ms)
		CreateAndSetChildDomain (46ms)
	RebuildCommonClasses (47ms)
	RebuildNativeTypeToScriptingClass (14ms)
	initialDomainReloadingComplete (41ms)
	LoadAllAssembliesAndSetupDomain (289ms)
		LoadAssemblies (403ms)
		RebuildTransferFunctionScriptingTraits (0ms)
		AnalyzeDomain (28ms)
			TypeCache.Refresh (8ms)
				TypeCache.ScanAssembly (0ms)
			ScanForSourceGeneratedMonoScriptInfo (0ms)
			ResolveRequiredComponents (20ms)
	FinalizeReload (1912ms)
		ReleaseScriptCaches (0ms)
		RebuildScriptCaches (0ms)
		SetupLoadedEditorAssemblies (758ms)
			LogAssemblyErrors (0ms)
			InitializePlatformSupportModulesInManaged (8ms)
			SetLoadedEditorAssemblies (4ms)
			RefreshPlugins (0ms)
			BeforeProcessingInitializeOnLoad (121ms)
			ProcessInitializeOnLoadAttributes (500ms)
			ProcessInitializeOnLoadMethodAttributes (107ms)
			AfterProcessingInitializeOnLoad (17ms)
			EditorAssembliesLoaded (0ms)
		ExecutionOrderSort2 (0ms)
		AwakeInstancesAfterBackupRestoration (38ms)
Refreshing native plugins compatible for Editor in 8.62 ms, found 3 plugins.
Preloading 0 native plugins for Editor in 0.00 ms.
Unloading 5161 Unused Serialized files (Serialized files now loaded: 0)
Unloading 52 unused Assets / (0.8 MB). Loaded Objects now: 5861.
Memory consumption went from 198.0 MB to 197.2 MB.
Total: 6.603800 ms (FindLiveObjects: 0.543800 ms CreateObjectMapping: 0.685500 ms MarkObjects: 4.909300 ms  DeleteObjects: 0.464100 ms)

Prepare: number of updated asset objects reloaded= 0
AssetImportParameters requested are different than current active one (requested -> active):
  custom:container-demuxer-ogg: 62fdf1f143b41e24485cea50d1cbac27 -> 
  custom:video-decoder-ogg-theora: a1e56fd34408186e4bbccfd4996cb3dc -> 
  custom:framework-win-MediaFoundation: 216162199b28c13a410421893ffa2e32 -> 
  custom:CustomObjectIndexerAttribute: 62b5816608c3102f162a1797e29626cf -> 
  custom:container-demuxer-webm: 4f35f7cbe854078d1ac9338744f61a02 -> 
  custom:container-muxer-webm: aa71ff27fc2769a1b78a27578f13a17b -> 
  custom:video-decoder-webm-vp8: 9c59270c3fd7afecdb556c50c9e8de78 -> 
  custom:SearchIndexIgnoredProperties: e643bd26f0fe6173181afceb89e7c659 -> 
  custom:AudioImporter_EditorPlatform: d09bf68614088b80899f8185d706f6e7 -> 
  custom:video-encoder-webm-vp8: eb34c28f22e8b96e1ab97ce403110664 -> 
  custom:audio-decoder-ogg-vorbis: bf7c407c2cedff20999df2af8eb42d56 -> 
  custom:audio-encoder-webm-vorbis: bf7c407c2cedff20999df2af8eb42d56 -> 
========================================================================
Received Import Request.
  Time since last request: 118.362592 seconds.
  path: Assets/SUPER Character Controller/Demo Assets/FBXs/Characters
  artifactKey: Guid(dcbf2156bb7c3f042b95a15e54156a83) Importer(815301076,1909f56bfc062723c751e8b465ee728b)
Start importing Assets/SUPER Character Controller/Demo Assets/FBXs/Characters using Guid(dcbf2156bb7c3f042b95a15e54156a83) Importer(815301076,1909f56bfc062723c751e8b465ee728b)  -> (artifact id: '8eb468cd8be8b968f8f803ca00d895b0') in 0.005787 seconds
Number of updated asset objects reloaded before import = 0
Number of asset objects unloaded after import = 0
========================================================================
Received Import Request.
  Time since last request: 0.066053 seconds.
  path: Assets/SUPER Character Controller/Demo Assets/FBXs/Characters/Character_Base.fbx
  artifactKey: Guid(efe9925a28d32b24e89525774eeb98e5) Importer(815301076,1909f56bfc062723c751e8b465ee728b)
Start importing Assets/SUPER Character Controller/Demo Assets/FBXs/Characters/Character_Base.fbx using Guid(efe9925a28d32b24e89525774eeb98e5) Importer(815301076,1909f56bfc062723c751e8b465ee728b)  -> (artifact id: '68804a8748a55cea0df08a0c28d45b44') in 0.350801 seconds
Number of updated asset objects reloaded before import = 0
Number of asset objects unloaded after import = 77
========================================================================
Received Import Request.
  Time since last request: 15.554614 seconds.
  path: Assets/SUPER Character Controller/Demo Assets/Textures/Grass
  artifactKey: Guid(050c4536b8f1ebf4096fdf4ac9337b79) Importer(815301076,1909f56bfc062723c751e8b465ee728b)
Start importing Assets/SUPER Character Controller/Demo Assets/Textures/Grass using Guid(050c4536b8f1ebf4096fdf4ac9337b79) Importer(815301076,1909f56bfc062723c751e8b465ee728b)  -> (artifact id: '8f8ffeeda8b40ddb17e57edacb17fb53') in 0.000660 seconds
Number of updated asset objects reloaded before import = 0
Number of asset objects unloaded after import = 0
========================================================================
Received Import Request.
  Time since last request: 0.049027 seconds.
  path: Assets/SUPER Character Controller/Demo Assets/Textures/Grass/Grass_1.png
  artifactKey: Guid(a9f0e191ae7d3a04b8400101076ac7e8) Importer(815301076,1909f56bfc062723c751e8b465ee728b)
Start importing Assets/SUPER Character Controller/Demo Assets/Textures/Grass/Grass_1.png using Guid(a9f0e191ae7d3a04b8400101076ac7e8) Importer(815301076,1909f56bfc062723c751e8b465ee728b)  -> (artifact id: 'b23f4ae8deecf8124079ab7e2f10a864') in 0.029927 seconds
Number of updated asset objects reloaded before import = 0
Number of asset objects unloaded after import = 2
========================================================================
Received Import Request.
  Time since last request: 0.000020 seconds.
  path: Assets/SUPER Character Controller/Demo Assets/Textures/Grass/Light_Grass.png
  artifactKey: Guid(afadb3804e866264bb6b121d9289c780) Importer(815301076,1909f56bfc062723c751e8b465ee728b)
Start importing Assets/SUPER Character Controller/Demo Assets/Textures/Grass/Light_Grass.png using Guid(afadb3804e866264bb6b121d9289c780) Importer(815301076,1909f56bfc062723c751e8b465ee728b)  -> (artifact id: 'd40e6566207c7565b8345c3289ba5bdb') in 0.026687 seconds
Number of updated asset objects reloaded before import = 0
Number of asset objects unloaded after import = 2
========================================================================
Received Import Request.
  Time since last request: 0.000019 seconds.
  path: Assets/SUPER Character Controller/Demo Assets/Textures/Grass/GrassEdge_Mask.png
  artifactKey: Guid(1d0eccd4176df154d96dc5bafbeaa237) Importer(815301076,1909f56bfc062723c751e8b465ee728b)
Start importing Assets/SUPER Character Controller/Demo Assets/Textures/Grass/GrassEdge_Mask.png using Guid(1d0eccd4176df154d96dc5bafbeaa237) Importer(815301076,1909f56bfc062723c751e8b465ee728b)  -> (artifact id: '59846732123edb225e737039b7489925') in 0.020084 seconds
Number of updated asset objects reloaded before import = 0
Number of asset objects unloaded after import = 2
========================================================================
Received Import Request.
  Time since last request: 57.791874 seconds.
  path: Assets/SUPER Character Controller/Demo Assets/Textures/Grass/Light_Grass.png
  artifactKey: Guid(afadb3804e866264bb6b121d9289c780) Importer(815301076,1909f56bfc062723c751e8b465ee728b)
Start importing Assets/SUPER Character Controller/Demo Assets/Textures/Grass/Light_Grass.png using Guid(afadb3804e866264bb6b121d9289c780) Importer(815301076,1909f56bfc062723c751e8b465ee728b)  -> (artifact id: 'eeb4529df55d6117b1952903040a7572') in 0.028714 seconds
Number of updated asset objects reloaded before import = 0
Number of asset objects unloaded after import = 2
========================================================================
Received Prepare
Begin MonoManager ReloadAssembly
- Loaded All Assemblies, in  0.584 seconds
Refreshing native plugins compatible for Editor in 5.84 ms, found 3 plugins.
Native extension for WindowsStandalone target not found
[Package Manager] Server::EnsureServerProcessIsRunning -- launch failed, reason: Unity was launched with the -noUpm command-line argument
[Package Manager] UpmClient::Send -- Unable to send message (not connected to UPM process).
[Package Manager] Cannot connect to Unity Package Manager local server
Mono: successfully reloaded assembly
- Finished resetting the current domain, in  1.713 seconds
Domain Reload Profiling: 2292ms
	BeginReloadAssembly (204ms)
		ExecutionOrderSort (0ms)
		DisableScriptedObjects (12ms)
		BackupInstance (0ms)
		ReleaseScriptingObjects (0ms)
		CreateAndSetChildDomain (48ms)
	RebuildCommonClasses (44ms)
	RebuildNativeTypeToScriptingClass (14ms)
	initialDomainReloadingComplete (38ms)
	LoadAllAssembliesAndSetupDomain (277ms)
		LoadAssemblies (351ms)
		RebuildTransferFunctionScriptingTraits (0ms)
		AnalyzeDomain (27ms)
			TypeCache.Refresh (7ms)
				TypeCache.ScanAssembly (0ms)
			ScanForSourceGeneratedMonoScriptInfo (0ms)
			ResolveRequiredComponents (19ms)
	FinalizeReload (1714ms)
		ReleaseScriptCaches (0ms)
		RebuildScriptCaches (0ms)
		SetupLoadedEditorAssemblies (693ms)
			LogAssemblyErrors (0ms)
			InitializePlatformSupportModulesInManaged (11ms)
			SetLoadedEditorAssemblies (6ms)
			RefreshPlugins (0ms)
			BeforeProcessingInitializeOnLoad (110ms)
			ProcessInitializeOnLoadAttributes (445ms)
			ProcessInitializeOnLoadMethodAttributes (107ms)
			AfterProcessingInitializeOnLoad (14ms)
			EditorAssembliesLoaded (0ms)
		ExecutionOrderSort2 (0ms)
		AwakeInstancesAfterBackupRestoration (44ms)
Refreshing native plugins compatible for Editor in 7.67 ms, found 3 plugins.
Preloading 0 native plugins for Editor in 0.00 ms.
Unloading 5161 Unused Serialized files (Serialized files now loaded: 0)
Unloading 52 unused Assets / (0.8 MB). Loaded Objects now: 5902.
Memory consumption went from 201.6 MB to 200.9 MB.
Total: 4.779900 ms (FindLiveObjects: 0.516400 ms CreateObjectMapping: 0.509600 ms MarkObjects: 3.316600 ms  DeleteObjects: 0.436000 ms)

Prepare: number of updated asset objects reloaded= 0
AssetImportParameters requested are different than current active one (requested -> active):
  custom:container-demuxer-ogg: 62fdf1f143b41e24485cea50d1cbac27 -> 
  custom:video-decoder-ogg-theora: a1e56fd34408186e4bbccfd4996cb3dc -> 
  custom:framework-win-MediaFoundation: 216162199b28c13a410421893ffa2e32 -> 
  custom:CustomObjectIndexerAttribute: 62b5816608c3102f162a1797e29626cf -> 
  custom:container-demuxer-webm: 4f35f7cbe854078d1ac9338744f61a02 -> 
  custom:container-muxer-webm: aa71ff27fc2769a1b78a27578f13a17b -> 
  custom:video-decoder-webm-vp8: 9c59270c3fd7afecdb556c50c9e8de78 -> 
  custom:SearchIndexIgnoredProperties: e643bd26f0fe6173181afceb89e7c659 -> 
  custom:AudioImporter_EditorPlatform: d09bf68614088b80899f8185d706f6e7 -> 
  custom:video-encoder-webm-vp8: eb34c28f22e8b96e1ab97ce403110664 -> 
  custom:audio-decoder-ogg-vorbis: bf7c407c2cedff20999df2af8eb42d56 -> 
  custom:audio-encoder-webm-vorbis: bf7c407c2cedff20999df2af8eb42d56 -> 
========================================================================
Received Import Request.
  Time since last request: 107.343836 seconds.
  path: Assets/SUPER Character Controller/Demo Assets/Textures/Path
  artifactKey: Guid(94ef12a824f507341a755287e4157b61) Importer(815301076,1909f56bfc062723c751e8b465ee728b)
Start importing Assets/SUPER Character Controller/Demo Assets/Textures/Path using Guid(94ef12a824f507341a755287e4157b61) Importer(815301076,1909f56bfc062723c751e8b465ee728b)  -> (artifact id: '4abc73d2dfad7e51e8dba0a94397f1e9') in 0.008152 seconds
Number of updated asset objects reloaded before import = 0
Number of asset objects unloaded after import = 0
========================================================================
Received Import Request.
  Time since last request: 0.052658 seconds.
  path: Assets/SUPER Character Controller/Demo Assets/Textures/Path/Path.png
  artifactKey: Guid(7caffa8ea0dcde0448d808d63115df63) Importer(815301076,1909f56bfc062723c751e8b465ee728b)
Start importing Assets/SUPER Character Controller/Demo Assets/Textures/Path/Path.png using Guid(7caffa8ea0dcde0448d808d63115df63) Importer(815301076,1909f56bfc062723c751e8b465ee728b)  -> (artifact id: '9866a893c06082f4a52fb919cd430469') in 0.053275 seconds
Number of updated asset objects reloaded before import = 0
Number of asset objects unloaded after import = 2
========================================================================
Received Import Request.
  Time since last request: 6.991563 seconds.
  path: Assets/SUPER Character Controller/Demo Assets/Textures/Props
  artifactKey: Guid(6730d7e8ae523c24da938e734431b8f0) Importer(815301076,1909f56bfc062723c751e8b465ee728b)
Start importing Assets/SUPER Character Controller/Demo Assets/Textures/Props using Guid(6730d7e8ae523c24da938e734431b8f0) Importer(815301076,1909f56bfc062723c751e8b465ee728b)  -> (artifact id: '71321430cd0444aa0f7766ad539f63fb') in 0.000685 seconds
Number of updated asset objects reloaded before import = 0
Number of asset objects unloaded after import = 0
========================================================================
Received Import Request.
  Time since last request: 6.033111 seconds.
  path: Assets/SUPER Character Controller/Demo Assets/Textures/Skyboxes
  artifactKey: Guid(e45a12b0b3c076c44988b9a6b9c2227f) Importer(815301076,1909f56bfc062723c751e8b465ee728b)
Start importing Assets/SUPER Character Controller/Demo Assets/Textures/Skyboxes using Guid(e45a12b0b3c076c44988b9a6b9c2227f) Importer(815301076,1909f56bfc062723c751e8b465ee728b)  -> (artifact id: '82c4c38eb79ed1a7aa1b63eafa92e40e') in 0.000651 seconds
Number of updated asset objects reloaded before import = 0
Number of asset objects unloaded after import = 0
